build/app/intermediates/manifest_merge_blame_file/debug/manifest-merger-blame-debug-report.txt
1<?xml version="1.0" encoding="utf-8"?>
2<manifest xmlns:android="http://schemas.android.com/apk/res/android"
3    package="com.example.big_project"
4    android:versionCode="1"
5    android:versionName="1.0.0" >
6
7    <uses-sdk
8        android:minSdkVersion="19"
9        android:targetSdkVersion="30" />
10    <!--
11         Flutter needs it to communicate with the running application
12         to allow setting breakpoints, to provide hot reload, etc.
13    -->
14    <uses-permission android:name="android.permission.INTERNET" />
14-->src\debug\AndroidManifest.xml:6:5-66
14-->src\debug\AndroidManifest.xml:6:22-64
15    <uses-permission android:name="android.permission.ACCESS_COARSE_LOCATION" /> <!-- Request legacy Bluetooth permissions on older devices. -->
15-->[:blue_thermal_printer] AndroidManifest.xml:7:5-81
15-->[:blue_thermal_printer] AndroidManifest.xml:7:22-78
16    <uses-permission
16-->[:blue_thermal_printer] AndroidManifest.xml:9:5-11:38
17        android:name="android.permission.BLUETOOTH"
17-->[:blue_thermal_printer] AndroidManifest.xml:10:9-52
18        android:maxSdkVersion="30" />
18-->[:blue_thermal_printer] AndroidManifest.xml:11:9-35
19    <uses-permission
19-->[:blue_thermal_printer] AndroidManifest.xml:12:5-14:38
20        android:name="android.permission.BLUETOOTH_ADMIN"
20-->[:blue_thermal_printer] AndroidManifest.xml:13:9-58
21        android:maxSdkVersion="30" />
21-->[:blue_thermal_printer] AndroidManifest.xml:14:9-35
22    <!--
23         Needed only if your app looks for Bluetooth devices.
24         You must add an attribute to this permission, or declare the
25         ACCESS_FINE_LOCATION permission, depending on the results when you
26         check location usage in your app.
27    -->
28    <uses-permission android:name="android.permission.ACCESS_FINE_LOCATION" />
28-->[:blue_thermal_printer] AndroidManifest.xml:22:5-79
28-->[:blue_thermal_printer] AndroidManifest.xml:22:22-76
29    <uses-permission android:name="android.permission.BLUETOOTH_SCAN" />
29-->[:blue_thermal_printer] AndroidManifest.xml:23:5-73
29-->[:blue_thermal_printer] AndroidManifest.xml:23:22-70
30    <!--
31         Needed only if your app makes the device discoverable to Bluetooth
32         devices.
33    -->
34    <uses-permission android:name="android.permission.BLUETOOTH_ADVERTISE" />
34-->[:blue_thermal_printer] AndroidManifest.xml:29:5-78
34-->[:blue_thermal_printer] AndroidManifest.xml:29:22-75
35    <!--
36         Needed only if your app communicates with already-paired Bluetooth
37         devices.
38    -->
39    <uses-permission android:name="android.permission.BLUETOOTH_CONNECT" />
39-->[:blue_thermal_printer] AndroidManifest.xml:35:5-76
39-->[:blue_thermal_printer] AndroidManifest.xml:35:22-73
40    <uses-permission android:name="android.permission.CAMERA" /> <!-- Don't require camera, as this requires a rear camera. This allows it to work on the Nexus 7 -->
40-->[com.journeyapps:zxing-android-embedded:3.6.0] AndroidManifest.xml:22:5-65
40-->[com.journeyapps:zxing-android-embedded:3.6.0] AndroidManifest.xml:22:22-62
41    <uses-feature
41-->[com.journeyapps:zxing-android-embedded:3.6.0] AndroidManifest.xml:25:5-27:36
42        android:name="android.hardware.camera"
42-->[com.journeyapps:zxing-android-embedded:3.6.0] AndroidManifest.xml:26:9-47
43        android:required="false" />
43-->[com.journeyapps:zxing-android-embedded:3.6.0] AndroidManifest.xml:27:9-33
44    <uses-feature
44-->[com.journeyapps:zxing-android-embedded:3.6.0] AndroidManifest.xml:28:5-30:36
45        android:name="android.hardware.camera.front"
45-->[com.journeyapps:zxing-android-embedded:3.6.0] AndroidManifest.xml:29:9-53
46        android:required="false" /> <!-- TODO replace above two with next line after Android 4.2 -->
46-->[com.journeyapps:zxing-android-embedded:3.6.0] AndroidManifest.xml:30:9-33
47    <!-- <uses-feature android:name="android.hardware.camera.any"/> -->
48    <uses-feature
48-->[com.journeyapps:zxing-android-embedded:3.6.0] AndroidManifest.xml:33:5-35:36
49        android:name="android.hardware.camera.autofocus"
49-->[com.journeyapps:zxing-android-embedded:3.6.0] AndroidManifest.xml:34:9-57
50        android:required="false" />
50-->[com.journeyapps:zxing-android-embedded:3.6.0] AndroidManifest.xml:35:9-33
51    <uses-feature
51-->[com.journeyapps:zxing-android-embedded:3.6.0] AndroidManifest.xml:36:5-38:36
52        android:name="android.hardware.camera.flash"
52-->[com.journeyapps:zxing-android-embedded:3.6.0] AndroidManifest.xml:37:9-53
53        android:required="false" />
53-->[com.journeyapps:zxing-android-embedded:3.6.0] AndroidManifest.xml:38:9-33
54    <uses-feature
54-->[com.journeyapps:zxing-android-embedded:3.6.0] AndroidManifest.xml:39:5-41:36
55        android:name="android.hardware.screen.landscape"
55-->[com.journeyapps:zxing-android-embedded:3.6.0] AndroidManifest.xml:40:9-57
56        android:required="false" />
56-->[com.journeyapps:zxing-android-embedded:3.6.0] AndroidManifest.xml:41:9-33
57    <uses-feature
57-->[com.journeyapps:zxing-android-embedded:3.6.0] AndroidManifest.xml:42:5-44:36
58        android:name="android.hardware.wifi"
58-->[com.journeyapps:zxing-android-embedded:3.6.0] AndroidManifest.xml:43:9-45
59        android:required="false" />
59-->[com.journeyapps:zxing-android-embedded:3.6.0] AndroidManifest.xml:44:9-33
60
61    <application
61-->src\main\AndroidManifest.xml:3:4-40:19
62        android:appComponentFactory="androidx.core.app.CoreComponentFactory"
62-->[androidx.core:core:1.1.0] AndroidManifest.xml:24:18-86
63        android:debuggable="true"
64        android:icon="@mipmap/ic_launcher"
64-->src\main\AndroidManifest.xml:5:9-43
65        android:label="big_project" >
65-->src\main\AndroidManifest.xml:4:9-36
66        <activity
66-->src\main\AndroidManifest.xml:6:9-34:20
67            android:name="com.example.big_project.MainActivity"
67-->src\main\AndroidManifest.xml:7:13-41
68            android:configChanges="orientation|keyboardHidden|keyboard|screenSize|smallestScreenSize|locale|layoutDirection|fontScale|screenLayout|density|uiMode"
68-->src\main\AndroidManifest.xml:10:13-163
69            android:hardwareAccelerated="true"
69-->src\main\AndroidManifest.xml:11:13-47
70            android:launchMode="singleTop"
70-->src\main\AndroidManifest.xml:8:13-43
71            android:theme="@style/LaunchTheme"
71-->src\main\AndroidManifest.xml:9:13-47
72            android:windowSoftInputMode="adjustResize" >
72-->src\main\AndroidManifest.xml:12:13-55
73
74            <!--
75                 Specifies an Android theme to apply to this Activity as soon as
76                 the Android process has started. This theme is visible to the user
77                 while the Flutter UI initializes. After that, this theme continues
78                 to determine the Window background behind the Flutter UI.
79            -->
80            <meta-data
80-->src\main\AndroidManifest.xml:17:13-20:17
81                android:name="io.flutter.embedding.android.NormalTheme"
81-->src\main\AndroidManifest.xml:18:15-70
82                android:resource="@style/NormalTheme" />
82-->src\main\AndroidManifest.xml:19:15-52
83            <!--
84                 Displays an Android View that continues showing the launch screen
85                 Drawable until Flutter paints its first frame, then this splash
86                 screen fades out. A splash screen is useful to avoid any visual
87                 gap between the end of Android's launch screen and the painting of
88                 Flutter's first frame.
89            -->
90            <meta-data
90-->src\main\AndroidManifest.xml:26:13-29:17
91                android:name="io.flutter.embedding.android.SplashScreenDrawable"
91-->src\main\AndroidManifest.xml:27:15-79
92                android:resource="@drawable/launch_background" />
92-->src\main\AndroidManifest.xml:28:15-61
93
94            <intent-filter>
94-->src\main\AndroidManifest.xml:30:13-33:29
95                <action android:name="android.intent.action.MAIN" />
95-->src\main\AndroidManifest.xml:31:17-68
95-->src\main\AndroidManifest.xml:31:25-66
96
97                <category android:name="android.intent.category.LAUNCHER" />
97-->src\main\AndroidManifest.xml:32:17-76
97-->src\main\AndroidManifest.xml:32:27-74
98            </intent-filter>
99        </activity>
100        <!--
101             Don't delete the meta-data below.
102             This is used by the Flutter tool to generate GeneratedPluginRegistrant.java
103        -->
104        <meta-data
104-->src\main\AndroidManifest.xml:37:9-39:33
105            android:name="flutterEmbedding"
105-->src\main\AndroidManifest.xml:38:13-44
106            android:value="2" />
106-->src\main\AndroidManifest.xml:39:13-30
107
108        <provider
108-->[:image_picker_android] AndroidManifest.xml:8:9-16:20
109            android:name="io.flutter.plugins.imagepicker.ImagePickerFileProvider"
109-->[:image_picker_android] AndroidManifest.xml:9:13-82
110            android:authorities="com.example.big_project.flutter.image_provider"
110-->[:image_picker_android] AndroidManifest.xml:10:13-74
111            android:exported="false"
111-->[:image_picker_android] AndroidManifest.xml:11:13-37
112            android:grantUriPermissions="true" >
112-->[:image_picker_android] AndroidManifest.xml:12:13-47
113            <meta-data
113-->[:image_picker_android] AndroidManifest.xml:13:13-15:75
114                android:name="android.support.FILE_PROVIDER_PATHS"
114-->[:image_picker_android] AndroidManifest.xml:14:17-67
115                android:resource="@xml/flutter_image_picker_file_paths" />
115-->[:image_picker_android] AndroidManifest.xml:15:17-72
116        </provider>
117
118        <activity
118-->[com.journeyapps:zxing-android-embedded:3.6.0] AndroidManifest.xml:47:9-53:63
119            android:name="com.journeyapps.barcodescanner.CaptureActivity"
119-->[com.journeyapps:zxing-android-embedded:3.6.0] AndroidManifest.xml:48:13-74
120            android:clearTaskOnLaunch="true"
120-->[com.journeyapps:zxing-android-embedded:3.6.0] AndroidManifest.xml:49:13-45
121            android:screenOrientation="sensorLandscape"
121-->[com.journeyapps:zxing-android-embedded:3.6.0] AndroidManifest.xml:50:13-56
122            android:stateNotNeeded="true"
122-->[com.journeyapps:zxing-android-embedded:3.6.0] AndroidManifest.xml:51:13-42
123            android:theme="@style/zxing_CaptureTheme"
123-->[com.journeyapps:zxing-android-embedded:3.6.0] AndroidManifest.xml:52:13-54
124            android:windowSoftInputMode="stateAlwaysHidden" />
124-->[com.journeyapps:zxing-android-embedded:3.6.0] AndroidManifest.xml:53:13-60
125    </application>
126
127</manifest>